C:\Program Files (x86)\Mini Rangers
C:\Program Files (x86)\Mini Rangers\Music
C:\Program Files (x86)\Mini Rangers\Skins
C:\Program Files (x86)\Mini Rangers\Data
C:\Program Files (x86)\Mini Rangers\Skins\BlueIce
C:\Program Files (x86)\Mini Rangers\Skins\Steam
C:\Program Files (x86)\Mini Rangers\Skins\Winter2003
C:\Program Files (x86)\Mini Rangers\Mini Rangers.exe
C:\Program Files (x86)\Mini Rangers\TextResource.dll
C:\Program Files (x86)\Mini Rangers\GraphResource.dll
C:\Program Files (x86)\Mini Rangers\FMOD.dll
C:\Program Files (x86)\Mini Rangers\Config.cfg
C:\Program Files (x86)\Mini Rangers\Music\Rammstein - FeuerFire.mp3
C:\Program Files (x86)\Mini Rangers\music\Marilyn Manson - Seizure Of Power.mp3
C:\Program Files (x86)\Mini Rangers\music\04-Duality.mp3
C:\Program Files (x86)\Mini Rangers\Uninstall.exe
C:\Program Files (x86)\Mini Rangers\Readme.doc
C:\Program Files (x86)\Mini Rangers\Data\Player.ini
C:\Program Files (x86)\Mini Rangers\Data\Briefing_demo.txt
C:\Program Files (x86)\Mini Rangers\d3dx9_25.dll
C:\Users\Вольдемар\AppData\Roaming\Microsoft\Windows\Start Menu\Programs\Mini Rangers
C:\Users\Вольдемар\AppData\Roaming\Microsoft\Windows\Start Menu\Programs\Mini Rangers\Mini Rangers.lnk
C:\Users\Вольдемар\AppData\Roaming\Microsoft\Windows\Start Menu\Programs\Mini Rangers\Uninstall.lnk
